[debug] [2023-10-18T20:01:11.147Z] ----------------------------------------------------------------------
[debug] [2023-10-18T20:01:11.149Z] Command:       /Users/archaareads/.nvm/versions/node/v18.18.0/bin/node /Users/archaareads/.nvm/versions/node/v18.18.0/bin/firebase deploy --only functions
[debug] [2023-10-18T20:01:11.149Z] CLI Version:   12.7.0
[debug] [2023-10-18T20:01:11.150Z] Platform:      darwin
[debug] [2023-10-18T20:01:11.150Z] Node Version:  v18.18.0
[debug] [2023-10-18T20:01:11.151Z] Time:          Wed Oct 18 2023 13:01:11 GMT-0700 (Pacific Daylight Time)
[debug] [2023-10-18T20:01:11.151Z] ----------------------------------------------------------------------
[debug] 
[debug] [2023-10-18T20:01:11.226Z] > command requires scopes: ["email","openid","https://www.googleapis.com/auth/cloudplatformprojects.readonly","https://www.googleapis.com/auth/firebase","https://www.googleapis.com/auth/cloud-platform"]
[debug] [2023-10-18T20:01:11.227Z] > authorizing via signed-in user (archaacodes@gmail.com)
[debug] [2023-10-18T20:01:11.227Z] [iam] checking project one-more-page for permissions ["cloudfunctions.functions.create","cloudfunctions.functions.delete","cloudfunctions.functions.get","cloudfunctions.functions.list","cloudfunctions.functions.update","cloudfunctions.operations.get","firebase.projects.get"]
[debug] [2023-10-18T20:01:11.230Z] >>> [apiv2][query] POST https://cloudresourcemanager.googleapis.com/v1/projects/one-more-page:testIamPermissions [none]
[debug] [2023-10-18T20:01:11.230Z] >>> [apiv2][(partial)header] POST https://cloudresourcemanager.googleapis.com/v1/projects/one-more-page:testIamPermissions x-goog-quota-user=projects/one-more-page
[debug] [2023-10-18T20:01:11.230Z] >>> [apiv2][body] POST https://cloudresourcemanager.googleapis.com/v1/projects/one-more-page:testIamPermissions {"permissions":["cloudfunctions.functions.create","cloudfunctions.functions.delete","cloudfunctions.functions.get","cloudfunctions.functions.list","cloudfunctions.functions.update","cloudfunctions.operations.get","firebase.projects.get"]}
[debug] [2023-10-18T20:01:11.501Z] <<< [apiv2][status] POST https://cloudresourcemanager.googleapis.com/v1/projects/one-more-page:testIamPermissions 200
[debug] [2023-10-18T20:01:11.501Z] <<< [apiv2][body] POST https://cloudresourcemanager.googleapis.com/v1/projects/one-more-page:testIamPermissions {"permissions":["cloudfunctions.functions.create","cloudfunctions.functions.delete","cloudfunctions.functions.get","cloudfunctions.functions.list","cloudfunctions.functions.update","cloudfunctions.operations.get","firebase.projects.get"]}
[debug] [2023-10-18T20:01:11.502Z] >>> [apiv2][query] POST https://iam.googleapis.com/v1/projects/one-more-page/serviceAccounts/one-more-page@appspot.gserviceaccount.com:testIamPermissions [none]
[debug] [2023-10-18T20:01:11.502Z] >>> [apiv2][body] POST https://iam.googleapis.com/v1/projects/one-more-page/serviceAccounts/one-more-page@appspot.gserviceaccount.com:testIamPermissions {"permissions":["iam.serviceAccounts.actAs"]}
[debug] [2023-10-18T20:01:11.686Z] <<< [apiv2][status] POST https://iam.googleapis.com/v1/projects/one-more-page/serviceAccounts/one-more-page@appspot.gserviceaccount.com:testIamPermissions 200
[debug] [2023-10-18T20:01:11.687Z] <<< [apiv2][body] POST https://iam.googleapis.com/v1/projects/one-more-page/serviceAccounts/one-more-page@appspot.gserviceaccount.com:testIamPermissions {"permissions":["iam.serviceAccounts.actAs"]}
[info] 
[info] === Deploying to 'one-more-page'...
[info] 
[info] i  deploying functions 
[info] Running command: npm --prefix "$RESOURCE_DIR" run lint
[info] ✔  functions: Finished running predeploy script. 
[debug] [2023-10-18T20:01:15.759Z] >>> [apiv2][query] GET https://firebase.googleapis.com/v1beta1/projects/one-more-page [none]
[debug] [2023-10-18T20:01:16.237Z] <<< [apiv2][status] GET https://firebase.googleapis.com/v1beta1/projects/one-more-page 200
[debug] [2023-10-18T20:01:16.237Z] <<< [apiv2][body] GET https://firebase.googleapis.com/v1beta1/projects/one-more-page {"projectId":"one-more-page","projectNumber":"507718610679","displayName":"One More Page","name":"projects/one-more-page","resources":{"hostingSite":"one-more-page"},"state":"ACTIVE","etag":"1_e4c2abfc-68af-4f45-9083-01501f367bcc"}
[info] i  functions: preparing codebase default for deployment 
[info] i  functions: ensuring required API cloudfunctions.googleapis.com is enabled... 
[info] i  functions: ensuring required API cloudbuild.googleapis.com is enabled... 
[info] i  artifactregistry: ensuring required API artifactregistry.googleapis.com is enabled... 
[debug] [2023-10-18T20:01:16.239Z] >>> [apiv2][query] GET https://serviceusage.googleapis.com/v1/projects/one-more-page/services/cloudfunctions.googleapis.com [none]
[debug] [2023-10-18T20:01:16.239Z] >>> [apiv2][(partial)header] GET https://serviceusage.googleapis.com/v1/projects/one-more-page/services/cloudfunctions.googleapis.com x-goog-quota-user=projects/one-more-page
[debug] [2023-10-18T20:01:16.241Z] >>> [apiv2][query] GET https://serviceusage.googleapis.com/v1/projects/one-more-page/services/runtimeconfig.googleapis.com [none]
[debug] [2023-10-18T20:01:16.241Z] >>> [apiv2][(partial)header] GET https://serviceusage.googleapis.com/v1/projects/one-more-page/services/runtimeconfig.googleapis.com x-goog-quota-user=projects/one-more-page
[debug] [2023-10-18T20:01:16.242Z] >>> [apiv2][query] GET https://serviceusage.googleapis.com/v1/projects/one-more-page/services/cloudbuild.googleapis.com [none]
[debug] [2023-10-18T20:01:16.243Z] >>> [apiv2][(partial)header] GET https://serviceusage.googleapis.com/v1/projects/one-more-page/services/cloudbuild.googleapis.com x-goog-quota-user=projects/one-more-page
[debug] [2023-10-18T20:01:16.244Z] >>> [apiv2][query] GET https://serviceusage.googleapis.com/v1/projects/one-more-page/services/artifactregistry.googleapis.com [none]
[debug] [2023-10-18T20:01:16.244Z] >>> [apiv2][(partial)header] GET https://serviceusage.googleapis.com/v1/projects/one-more-page/services/artifactregistry.googleapis.com x-goog-quota-user=projects/one-more-page
[debug] [2023-10-18T20:01:16.677Z] <<< [apiv2][status] GET https://serviceusage.googleapis.com/v1/projects/one-more-page/services/cloudbuild.googleapis.com 200
[debug] [2023-10-18T20:01:16.677Z] <<< [apiv2][body] GET https://serviceusage.googleapis.com/v1/projects/one-more-page/services/cloudbuild.googleapis.com [omitted]
[info] ✔  functions: required API cloudbuild.googleapis.com is enabled 
[debug] [2023-10-18T20:01:16.691Z] <<< [apiv2][status] GET https://serviceusage.googleapis.com/v1/projects/one-more-page/services/runtimeconfig.googleapis.com 200
[debug] [2023-10-18T20:01:16.691Z] <<< [apiv2][body] GET https://serviceusage.googleapis.com/v1/projects/one-more-page/services/runtimeconfig.googleapis.com [omitted]
[debug] [2023-10-18T20:01:16.704Z] <<< [apiv2][status] GET https://serviceusage.googleapis.com/v1/projects/one-more-page/services/cloudfunctions.googleapis.com 200
[debug] [2023-10-18T20:01:16.704Z] <<< [apiv2][body] GET https://serviceusage.googleapis.com/v1/projects/one-more-page/services/cloudfunctions.googleapis.com [omitted]
[info] ✔  functions: required API cloudfunctions.googleapis.com is enabled 
[debug] [2023-10-18T20:01:16.732Z] <<< [apiv2][status] GET https://serviceusage.googleapis.com/v1/projects/one-more-page/services/artifactregistry.googleapis.com 200
[debug] [2023-10-18T20:01:16.732Z] <<< [apiv2][body] GET https://serviceusage.googleapis.com/v1/projects/one-more-page/services/artifactregistry.googleapis.com [omitted]
[info] ✔  artifactregistry: required API artifactregistry.googleapis.com is enabled 
[debug] [2023-10-18T20:01:16.732Z] >>> [apiv2][query] GET https://firebase.googleapis.com/v1beta1/projects/one-more-page/adminSdkConfig [none]
[debug] [2023-10-18T20:01:17.190Z] <<< [apiv2][status] GET https://firebase.googleapis.com/v1beta1/projects/one-more-page/adminSdkConfig 200
[debug] [2023-10-18T20:01:17.190Z] <<< [apiv2][body] GET https://firebase.googleapis.com/v1beta1/projects/one-more-page/adminSdkConfig {"projectId":"one-more-page","storageBucket":"one-more-page.appspot.com"}
[debug] [2023-10-18T20:01:17.191Z] >>> [apiv2][query] GET https://runtimeconfig.googleapis.com/v1beta1/projects/one-more-page/configs [none]
[debug] [2023-10-18T20:01:17.380Z] <<< [apiv2][status] GET https://runtimeconfig.googleapis.com/v1beta1/projects/one-more-page/configs 200
[debug] [2023-10-18T20:01:17.380Z] <<< [apiv2][body] GET https://runtimeconfig.googleapis.com/v1beta1/projects/one-more-page/configs {"configs":[{"name":"projects/one-more-page/configs/api"},{"name":"projects/one-more-page/configs/env"},{"name":"projects/one-more-page/configs/googlelib"},{"name":"projects/one-more-page/configs/mongodb"}]}
[debug] [2023-10-18T20:01:17.382Z] >>> [apiv2][query] GET https://runtimeconfig.googleapis.com/v1beta1/projects/one-more-page/configs/api/variables [none]
[debug] [2023-10-18T20:01:17.386Z] >>> [apiv2][query] GET https://runtimeconfig.googleapis.com/v1beta1/projects/one-more-page/configs/env/variables [none]
[debug] [2023-10-18T20:01:17.390Z] >>> [apiv2][query] GET https://runtimeconfig.googleapis.com/v1beta1/projects/one-more-page/configs/googlelib/variables [none]
[debug] [2023-10-18T20:01:17.393Z] >>> [apiv2][query] GET https://runtimeconfig.googleapis.com/v1beta1/projects/one-more-page/configs/mongodb/variables [none]
[debug] [2023-10-18T20:01:17.532Z] <<< [apiv2][status] GET https://runtimeconfig.googleapis.com/v1beta1/projects/one-more-page/configs/api/variables 200
[debug] [2023-10-18T20:01:17.533Z] <<< [apiv2][body] GET https://runtimeconfig.googleapis.com/v1beta1/projects/one-more-page/configs/api/variables {"variables":[{"name":"projects/one-more-page/configs/api/variables/token","updateTime":"2023-10-18T20:00:15.279376910Z"},{"name":"projects/one-more-page/configs/api/variables/url","updateTime":"2023-10-18T20:00:47.886922624Z"}]}
[debug] [2023-10-18T20:01:17.533Z] >>> [apiv2][query] GET https://runtimeconfig.googleapis.com/v1beta1/projects/one-more-page/configs/api/variables/token [none]
[debug] [2023-10-18T20:01:17.538Z] >>> [apiv2][query] GET https://runtimeconfig.googleapis.com/v1beta1/projects/one-more-page/configs/api/variables/url [none]
[debug] [2023-10-18T20:01:17.548Z] <<< [apiv2][status] GET https://runtimeconfig.googleapis.com/v1beta1/projects/one-more-page/configs/env/variables 200
[debug] [2023-10-18T20:01:17.548Z] <<< [apiv2][body] GET https://runtimeconfig.googleapis.com/v1beta1/projects/one-more-page/configs/env/variables {"variables":[{"name":"projects/one-more-page/configs/env/variables/dev","updateTime":"2023-10-18T05:46:27.150209317Z"}]}
[debug] [2023-10-18T20:01:17.549Z] >>> [apiv2][query] GET https://runtimeconfig.googleapis.com/v1beta1/projects/one-more-page/configs/env/variables/dev [none]
[debug] [2023-10-18T20:01:17.552Z] <<< [apiv2][status] GET https://runtimeconfig.googleapis.com/v1beta1/projects/one-more-page/configs/mongodb/variables 200
[debug] [2023-10-18T20:01:17.552Z] <<< [apiv2][body] GET https://runtimeconfig.googleapis.com/v1beta1/projects/one-more-page/configs/mongodb/variables {"variables":[{"name":"projects/one-more-page/configs/mongodb/variables/uri","updateTime":"2023-10-17T16:57:21.538965069Z"}]}
[debug] [2023-10-18T20:01:17.552Z] >>> [apiv2][query] GET https://runtimeconfig.googleapis.com/v1beta1/projects/one-more-page/configs/mongodb/variables/uri [none]
[debug] [2023-10-18T20:01:17.562Z] <<< [apiv2][status] GET https://runtimeconfig.googleapis.com/v1beta1/projects/one-more-page/configs/googlelib/variables 200
[debug] [2023-10-18T20:01:17.562Z] <<< [apiv2][body] GET https://runtimeconfig.googleapis.com/v1beta1/projects/one-more-page/configs/googlelib/variables {"variables":[{"name":"projects/one-more-page/configs/googlelib/variables/id","updateTime":"2023-10-13T00:43:30.798506156Z"}]}
[debug] [2023-10-18T20:01:17.562Z] >>> [apiv2][query] GET https://runtimeconfig.googleapis.com/v1beta1/projects/one-more-page/configs/googlelib/variables/id [none]
[debug] [2023-10-18T20:01:17.669Z] <<< [apiv2][status] GET https://runtimeconfig.googleapis.com/v1beta1/projects/one-more-page/configs/mongodb/variables/uri 200
[debug] [2023-10-18T20:01:17.669Z] <<< [apiv2][body] GET https://runtimeconfig.googleapis.com/v1beta1/projects/one-more-page/configs/mongodb/variables/uri {"name":"projects/one-more-page/configs/mongodb/variables/uri","updateTime":"2023-10-17T16:57:21.538965069Z","text":"mongodb+srv://bibliophile:RyM4zfWWHaeE9hNY@omp-prod.ipv3qu5.mongodb.net/?retryWrites=true&w=majority&authMechanism=SCRAM-SHA-1"}
[debug] [2023-10-18T20:01:17.677Z] <<< [apiv2][status] GET https://runtimeconfig.googleapis.com/v1beta1/projects/one-more-page/configs/api/variables/url 200
[debug] [2023-10-18T20:01:17.677Z] <<< [apiv2][body] GET https://runtimeconfig.googleapis.com/v1beta1/projects/one-more-page/configs/api/variables/url {"name":"projects/one-more-page/configs/api/variables/url","updateTime":"2023-10-18T20:00:47.886922624Z","text":"https://www.googleapis.com/books/v1"}
[debug] [2023-10-18T20:01:17.683Z] <<< [apiv2][status] GET https://runtimeconfig.googleapis.com/v1beta1/projects/one-more-page/configs/api/variables/token 200
[debug] [2023-10-18T20:01:17.684Z] <<< [apiv2][body] GET https://runtimeconfig.googleapis.com/v1beta1/projects/one-more-page/configs/api/variables/token {"name":"projects/one-more-page/configs/api/variables/token","updateTime":"2023-10-18T20:00:15.279376910Z","text":"AIzaSyC9i0im2LVCUAKbnaMEA4ZjhcHScAEyzOo"}
[debug] [2023-10-18T20:01:17.694Z] <<< [apiv2][status] GET https://runtimeconfig.googleapis.com/v1beta1/projects/one-more-page/configs/env/variables/dev 200
[debug] [2023-10-18T20:01:17.694Z] <<< [apiv2][body] GET https://runtimeconfig.googleapis.com/v1beta1/projects/one-more-page/configs/env/variables/dev {"name":"projects/one-more-page/configs/env/variables/dev","updateTime":"2023-10-18T05:46:27.150209317Z","text":"false"}
[debug] [2023-10-18T20:01:17.698Z] <<< [apiv2][status] GET https://runtimeconfig.googleapis.com/v1beta1/projects/one-more-page/configs/googlelib/variables/id 200
[debug] [2023-10-18T20:01:17.698Z] <<< [apiv2][body] GET https://runtimeconfig.googleapis.com/v1beta1/projects/one-more-page/configs/googlelib/variables/id {"name":"projects/one-more-page/configs/googlelib/variables/id","updateTime":"2023-10-13T00:43:30.798506156Z","text":"104302926151219246194"}
[debug] [2023-10-18T20:01:17.700Z] Validating nodejs source
[debug] [2023-10-18T20:01:18.543Z] > [functions] package.json contents: {
  "name": "functions",
  "description": "Cloud Functions for Firebase",
  "scripts": {
    "lint": "eslint .",
    "serve": "firebase emulators:start --only functions",
    "shell": "firebase functions:shell",
    "start": "npm run shell",
    "deploy": "firebase deploy --only functions",
    "logs": "firebase functions:log"
  },
  "engines": {
    "node": "18"
  },
  "main": "index.js",
  "dependencies": {
    "axios": "^1.3.4",
    "cors": "^2.8.5",
    "dotenv": "^16.3.1",
    "express": "^4.18.2",
    "firebase-admin": "^11.8.0",
    "firebase-functions": "^4.3.1",
    "mongoose": "^7.0.0"
  },
  "devDependencies": {
    "firebase-functions-test": "^3.1.0",
    "firebase-tools": "^12.7.0"
  },
  "private": true
}
[debug] [2023-10-18T20:01:18.544Z] Building nodejs source
[info] i  functions: Loading and analyzing source code for codebase default to determine what to deploy 
[debug] [2023-10-18T20:01:18.546Z] Could not find functions.yaml. Must use http discovery
[debug] [2023-10-18T20:01:18.557Z] Found firebase-functions binary at '/Users/archaareads/Documents/Code/MVP/1more_page/functions/node_modules/.bin/firebase-functions'
[info] Serving at port 8994

[debug] [2023-10-18T20:01:20.404Z] Got response from /__/functions.yaml {"endpoints":{"api":{"platform":"gcfv1","availableMemoryMb":null,"timeoutSeconds":null,"minInstances":null,"maxInstances":null,"ingressSettings":null,"serviceAccountEmail":null,"vpc":null,"httpsTrigger":{},"entryPoint":"api"}},"specVersion":"v1alpha1","requiredAPIs":[]}
[info] shutdown requested via /__/quitquitquit

[info] Connected to MongoDB Atlas

[info] i  functions: preparing functions directory for uploading... 
[info] i  functions: packaged /Users/archaareads/Documents/Code/MVP/1more_page/functions (123.59 KB) for uploading 
[debug] [2023-10-18T20:01:30.515Z] >>> [apiv2][query] GET https://cloudfunctions.googleapis.com/v1/projects/one-more-page/locations/-/functions [none]
[debug] [2023-10-18T20:01:30.966Z] <<< [apiv2][status] GET https://cloudfunctions.googleapis.com/v1/projects/one-more-page/locations/-/functions 200
[debug] [2023-10-18T20:01:30.967Z] <<< [apiv2][body] GET https://cloudfunctions.googleapis.com/v1/projects/one-more-page/locations/-/functions {"functions":[{"name":"projects/one-more-page/locations/us-central1/functions/api","httpsTrigger":{"url":"https://us-central1-one-more-page.cloudfunctions.net/api","securityLevel":"SECURE_ALWAYS"},"status":"ACTIVE","entryPoint":"api","timeout":"60s","availableMemoryMb":256,"serviceAccountEmail":"one-more-page@appspot.gserviceaccount.com","updateTime":"2023-10-18T19:58:04.455Z","versionId":"20","labels":{"deployment-tool":"cli-firebase","firebase-functions-hash":"9b288fe951e82a7ff9c3be68d72fe963cefbdf4d"},"sourceUploadUrl":"https://storage.googleapis.com/uploads-991284448727.us-central1.cloudfunctions.appspot.com/958dfa17-9853-4cde-b70a-85f6e288e001.zip","environmentVariables":{"FIREBASE_CONFIG":"{\"projectId\":\"one-more-page\",\"storageBucket\":\"one-more-page.appspot.com\"}","GCLOUD_PROJECT":"one-more-page","EVENTARC_CLOUD_EVENT_SOURCE":"projects/one-more-page/locations/us-central1/functions/api"},"runtime":"nodejs18","ingressSettings":"ALLOW_ALL","buildId":"a45673da-c0e0-4467-8324-a16a4c07b92f","buildEnvironmentVariables":{"GOOGLE_NODE_RUN_SCRIPTS":""},"buildName":"projects/507718610679/locations/us-central1/builds/a45673da-c0e0-4467-8324-a16a4c07b92f","dockerRegistry":"ARTIFACT_REGISTRY"}]}
[debug] [2023-10-18T20:01:30.972Z] >>> [apiv2][query] GET https://cloudfunctions.googleapis.com/v2/projects/one-more-page/locations/-/functions filter=environment%3D%22GEN_2%22
[debug] [2023-10-18T20:01:31.589Z] <<< [apiv2][status] GET https://cloudfunctions.googleapis.com/v2/projects/one-more-page/locations/-/functions 200
[debug] [2023-10-18T20:01:31.589Z] <<< [apiv2][body] GET https://cloudfunctions.googleapis.com/v2/projects/one-more-page/locations/-/functions {}
[debug] [2023-10-18T20:01:31.597Z] >>> [apiv2][query] GET https://firebase.googleapis.com/v1beta1/projects/one-more-page [none]
[debug] [2023-10-18T20:01:31.765Z] <<< [apiv2][status] GET https://firebase.googleapis.com/v1beta1/projects/one-more-page 200
[debug] [2023-10-18T20:01:31.766Z] <<< [apiv2][body] GET https://firebase.googleapis.com/v1beta1/projects/one-more-page {"projectId":"one-more-page","projectNumber":"507718610679","displayName":"One More Page","name":"projects/one-more-page","resources":{"hostingSite":"one-more-page"},"state":"ACTIVE","etag":"1_e4c2abfc-68af-4f45-9083-01501f367bcc"}
[debug] [2023-10-18T20:01:31.769Z] >>> [apiv2][query] POST https://cloudfunctions.googleapis.com/v1/projects/one-more-page/locations/us-central1/functions:generateUploadUrl [none]
[debug] [2023-10-18T20:01:31.770Z] >>> [apiv2][body] POST https://cloudfunctions.googleapis.com/v1/projects/one-more-page/locations/us-central1/functions:generateUploadUrl {}
[debug] [2023-10-18T20:01:32.239Z] <<< [apiv2][status] POST https://cloudfunctions.googleapis.com/v1/projects/one-more-page/locations/us-central1/functions:generateUploadUrl 200
[debug] [2023-10-18T20:01:32.239Z] <<< [apiv2][body] POST https://cloudfunctions.googleapis.com/v1/projects/one-more-page/locations/us-central1/functions:generateUploadUrl {"uploadUrl":"https://storage.googleapis.com/uploads-991284448727.us-central1.cloudfunctions.appspot.com/7baebd7c-2460-4302-a728-f2896a417d99.zip?GoogleAccessId=service-507718610679@gcf-admin-robot.iam.gserviceaccount.com&Expires=1697661092&Signature=vD%2Bc7Y9CT5Vrhshes7qnkmtG4TtFzOmZEdeOBzYD%2BrxPXrlAb54zKvS8psFLXNfxcVz1WACu%2FKDZKAPYalmmYFaK5wL%2FO8KH%2BZ9ExLBgdUxxdBEGcE3v%2FKbRA%2BBb4X4JNhJaRUbV8uOb8OXCici2RLoeibMNmdl%2BfskoDXBy3QYtBFE4SVskytnL%2BFWaq1avHq3YQxbBrJXPmui%2B9OWcja4JFzY2s4mRPdiVehozDxvWwPJcD8mxSlBpXwyBGmryinl5nXZJbqfldZgdnDvqCqpGD7hpuZxqQbTBpa%2BdIm%2Be4R6IiR8xZlMw23DuDC7FMIdICH5gJ1OeeGFC8wSynQ%3D%3D"}
[debug] [2023-10-18T20:01:32.242Z] >>> [apiv2][query] PUT https://storage.googleapis.com/uploads-991284448727.us-central1.cloudfunctions.appspot.com/7baebd7c-2460-4302-a728-f2896a417d99.zip GoogleAccessId=service-507718610679%40gcf-admin-robot.iam.gserviceaccount.com&Expires=1697661092&Signature=vD%2Bc7Y9CT5Vrhshes7qnkmtG4TtFzOmZEdeOBzYD%2BrxPXrlAb54zKvS8psFLXNfxcVz1WACu%2FKDZKAPYalmmYFaK5wL%2FO8KH%2BZ9ExLBgdUxxdBEGcE3v%2FKbRA%2BBb4X4JNhJaRUbV8uOb8OXCici2RLoeibMNmdl%2BfskoDXBy3QYtBFE4SVskytnL%2BFWaq1avHq3YQxbBrJXPmui%2B9OWcja4JFzY2s4mRPdiVehozDxvWwPJcD8mxSlBpXwyBGmryinl5nXZJbqfldZgdnDvqCqpGD7hpuZxqQbTBpa%2BdIm%2Be4R6IiR8xZlMw23DuDC7FMIdICH5gJ1OeeGFC8wSynQ%3D%3D
[debug] [2023-10-18T20:01:32.242Z] >>> [apiv2][body] PUT https://storage.googleapis.com/uploads-991284448727.us-central1.cloudfunctions.appspot.com/7baebd7c-2460-4302-a728-f2896a417d99.zip [stream]
[debug] [2023-10-18T20:01:32.600Z] <<< [apiv2][status] PUT https://storage.googleapis.com/uploads-991284448727.us-central1.cloudfunctions.appspot.com/7baebd7c-2460-4302-a728-f2896a417d99.zip 200
[debug] [2023-10-18T20:01:32.600Z] <<< [apiv2][body] PUT https://storage.googleapis.com/uploads-991284448727.us-central1.cloudfunctions.appspot.com/7baebd7c-2460-4302-a728-f2896a417d99.zip [omitted]
[info] ✔  functions: functions folder uploaded successfully 
[info] i  functions: updating Node.js 18 (1st Gen) function api(us-central1)... 
[debug] [2023-10-18T20:01:32.610Z] >>> [apiv2][query] PATCH https://cloudfunctions.googleapis.com/v1/projects/one-more-page/locations/us-central1/functions/api updateMask=name%2CsourceUploadUrl%2CentryPoint%2Cruntime%2CdockerRegistry%2Clabels%2ChttpsTrigger.securityLevel%2CminInstances%2CmaxInstances%2CingressSettings%2CenvironmentVariables%2CserviceAccountEmail%2CavailableMemoryMb%2Ctimeout%2CvpcConnector%2CvpcConnectorEgressSettings%2CsourceToken%2CbuildEnvironmentVariables
[debug] [2023-10-18T20:01:32.610Z] >>> [apiv2][body] PATCH https://cloudfunctions.googleapis.com/v1/projects/one-more-page/locations/us-central1/functions/api {"name":"projects/one-more-page/locations/us-central1/functions/api","sourceUploadUrl":"https://storage.googleapis.com/uploads-991284448727.us-central1.cloudfunctions.appspot.com/7baebd7c-2460-4302-a728-f2896a417d99.zip?GoogleAccessId=service-507718610679@gcf-admin-robot.iam.gserviceaccount.com&Expires=1697661092&Signature=vD%2Bc7Y9CT5Vrhshes7qnkmtG4TtFzOmZEdeOBzYD%2BrxPXrlAb54zKvS8psFLXNfxcVz1WACu%2FKDZKAPYalmmYFaK5wL%2FO8KH%2BZ9ExLBgdUxxdBEGcE3v%2FKbRA%2BBb4X4JNhJaRUbV8uOb8OXCici2RLoeibMNmdl%2BfskoDXBy3QYtBFE4SVskytnL%2BFWaq1avHq3YQxbBrJXPmui%2B9OWcja4JFzY2s4mRPdiVehozDxvWwPJcD8mxSlBpXwyBGmryinl5nXZJbqfldZgdnDvqCqpGD7hpuZxqQbTBpa%2BdIm%2Be4R6IiR8xZlMw23DuDC7FMIdICH5gJ1OeeGFC8wSynQ%3D%3D","entryPoint":"api","runtime":"nodejs18","dockerRegistry":"ARTIFACT_REGISTRY","labels":{"deployment-tool":"cli-firebase","firebase-functions-hash":"c83bfb2a1fc2587abe785e7396e8c24c636b077d"},"httpsTrigger":{"securityLevel":"SECURE_ALWAYS"},"minInstances":null,"maxInstances":null,"ingressSettings":null,"environmentVariables":{"FIREBASE_CONFIG":"{\"projectId\":\"one-more-page\",\"storageBucket\":\"one-more-page.appspot.com\"}","GCLOUD_PROJECT":"one-more-page","EVENTARC_CLOUD_EVENT_SOURCE":"projects/one-more-page/locations/us-central1/functions/api"},"serviceAccountEmail":null,"availableMemoryMb":null,"timeout":null,"vpcConnector":null,"vpcConnectorEgressSettings":null,"buildEnvironmentVariables":{"GOOGLE_NODE_RUN_SCRIPTS":""}}
[debug] [2023-10-18T20:01:33.115Z] <<< [apiv2][status] PATCH https://cloudfunctions.googleapis.com/v1/projects/one-more-page/locations/us-central1/functions/api 200
[debug] [2023-10-18T20:01:33.116Z] <<< [apiv2][body] PATCH https://cloudfunctions.googleapis.com/v1/projects/one-more-page/locations/us-central1/functions/api {"name":"operations/b25lLW1vcmUtcGFnZS91cy1jZW50cmFsMS9hcGkvelh2M0Z1QkZXRVE","metadata":{"@type":"type.googleapis.com/google.cloud.functions.v1.OperationMetadataV1","target":"projects/one-more-page/locations/us-central1/functions/api","type":"UPDATE_FUNCTION","request":{"@type":"type.googleapis.com/google.cloud.functions.v1.CloudFunction","name":"projects/one-more-page/locations/us-central1/functions/api","httpsTrigger":{"url":"https://us-central1-one-more-page.cloudfunctions.net/api","securityLevel":"SECURE_ALWAYS"},"status":"ACTIVE","entryPoint":"api","updateTime":"2023-10-18T19:58:04.455Z","versionId":"20","labels":{"deployment-tool":"cli-firebase","firebase-functions-hash":"c83bfb2a1fc2587abe785e7396e8c24c636b077d"},"sourceUploadUrl":"https://storage.googleapis.com/uploads-991284448727.us-central1.cloudfunctions.appspot.com/7baebd7c-2460-4302-a728-f2896a417d99.zip?GoogleAccessId=service-507718610679@gcf-admin-robot.iam.gserviceaccount.com&Expires=1697661092&Signature=vD%2Bc7Y9CT5Vrhshes7qnkmtG4TtFzOmZEdeOBzYD%2BrxPXrlAb54zKvS8psFLXNfxcVz1WACu%2FKDZKAPYalmmYFaK5wL%2FO8KH%2BZ9ExLBgdUxxdBEGcE3v%2FKbRA%2BBb4X4JNhJaRUbV8uOb8OXCici2RLoeibMNmdl%2BfskoDXBy3QYtBFE4SVskytnL%2BFWaq1avHq3YQxbBrJXPmui%2B9OWcja4JFzY2s4mRPdiVehozDxvWwPJcD8mxSlBpXwyBGmryinl5nXZJbqfldZgdnDvqCqpGD7hpuZxqQbTBpa%2BdIm%2Be4R6IiR8xZlMw23DuDC7FMIdICH5gJ1OeeGFC8wSynQ%3D%3D","environmentVariables":{"FIREBASE_CONFIG":"{\"projectId\":\"one-more-page\",\"storageBucket\":\"one-more-page.appspot.com\"}","GCLOUD_PROJECT":"one-more-page","EVENTARC_CLOUD_EVENT_SOURCE":"projects/one-more-page/locations/us-central1/functions/api"},"runtime":"nodejs18","buildId":"a45673da-c0e0-4467-8324-a16a4c07b92f","buildEnvironmentVariables":{"GOOGLE_NODE_RUN_SCRIPTS":""},"buildName":"projects/507718610679/locations/us-central1/builds/a45673da-c0e0-4467-8324-a16a4c07b92f","dockerRegistry":"ARTIFACT_REGISTRY"},"versionId":"21","updateTime":"2023-10-18T20:01:33Z"}}
[debug] [2023-10-18T20:01:33.118Z] >>> [apiv2][query] GET https://cloudfunctions.googleapis.com/v1/operations/b25lLW1vcmUtcGFnZS91cy1jZW50cmFsMS9hcGkvelh2M0Z1QkZXRVE [none]
[debug] [2023-10-18T20:01:33.288Z] <<< [apiv2][status] GET https://cloudfunctions.googleapis.com/v1/operations/b25lLW1vcmUtcGFnZS91cy1jZW50cmFsMS9hcGkvelh2M0Z1QkZXRVE 200
[debug] [2023-10-18T20:01:33.288Z] <<< [apiv2][body] GET https://cloudfunctions.googleapis.com/v1/operations/b25lLW1vcmUtcGFnZS91cy1jZW50cmFsMS9hcGkvelh2M0Z1QkZXRVE {"name":"operations/b25lLW1vcmUtcGFnZS91cy1jZW50cmFsMS9hcGkvelh2M0Z1QkZXRVE","metadata":{"@type":"type.googleapis.com/google.cloud.functions.v1.OperationMetadataV1","target":"projects/one-more-page/locations/us-central1/functions/api","type":"UPDATE_FUNCTION","request":{"@type":"type.googleapis.com/google.cloud.functions.v1.CloudFunction","name":"projects/one-more-page/locations/us-central1/functions/api","httpsTrigger":{"url":"https://us-central1-one-more-page.cloudfunctions.net/api","securityLevel":"SECURE_ALWAYS"},"status":"ACTIVE","entryPoint":"api","updateTime":"2023-10-18T19:58:04.455Z","versionId":"20","labels":{"deployment-tool":"cli-firebase","firebase-functions-hash":"c83bfb2a1fc2587abe785e7396e8c24c636b077d"},"sourceUploadUrl":"https://storage.googleapis.com/uploads-991284448727.us-central1.cloudfunctions.appspot.com/7baebd7c-2460-4302-a728-f2896a417d99.zip?GoogleAccessId=service-507718610679@gcf-admin-robot.iam.gserviceaccount.com&Expires=1697661092&Signature=vD%2Bc7Y9CT5Vrhshes7qnkmtG4TtFzOmZEdeOBzYD%2BrxPXrlAb54zKvS8psFLXNfxcVz1WACu%2FKDZKAPYalmmYFaK5wL%2FO8KH%2BZ9ExLBgdUxxdBEGcE3v%2FKbRA%2BBb4X4JNhJaRUbV8uOb8OXCici2RLoeibMNmdl%2BfskoDXBy3QYtBFE4SVskytnL%2BFWaq1avHq3YQxbBrJXPmui%2B9OWcja4JFzY2s4mRPdiVehozDxvWwPJcD8mxSlBpXwyBGmryinl5nXZJbqfldZgdnDvqCqpGD7hpuZxqQbTBpa%2BdIm%2Be4R6IiR8xZlMw23DuDC7FMIdICH5gJ1OeeGFC8wSynQ%3D%3D","environmentVariables":{"FIREBASE_CONFIG":"{\"projectId\":\"one-more-page\",\"storageBucket\":\"one-more-page.appspot.com\"}","GCLOUD_PROJECT":"one-more-page","EVENTARC_CLOUD_EVENT_SOURCE":"projects/one-more-page/locations/us-central1/functions/api"},"runtime":"nodejs18","buildId":"a45673da-c0e0-4467-8324-a16a4c07b92f","buildEnvironmentVariables":{"GOOGLE_NODE_RUN_SCRIPTS":""},"buildName":"projects/507718610679/locations/us-central1/builds/a45673da-c0e0-4467-8324-a16a4c07b92f","dockerRegistry":"ARTIFACT_REGISTRY"},"versionId":"21","updateTime":"2023-10-18T20:01:33Z"}}
[debug] [2023-10-18T20:01:33.791Z] [update-default-us-central1-api] Retrying task index 0
[debug] [2023-10-18T20:01:33.792Z] >>> [apiv2][query] GET https://cloudfunctions.googleapis.com/v1/operations/b25lLW1vcmUtcGFnZS91cy1jZW50cmFsMS9hcGkvelh2M0Z1QkZXRVE [none]
[debug] [2023-10-18T20:01:33.962Z] <<< [apiv2][status] GET https://cloudfunctions.googleapis.com/v1/operations/b25lLW1vcmUtcGFnZS91cy1jZW50cmFsMS9hcGkvelh2M0Z1QkZXRVE 200
[debug] [2023-10-18T20:01:33.962Z] <<< [apiv2][body] GET https://cloudfunctions.googleapis.com/v1/operations/b25lLW1vcmUtcGFnZS91cy1jZW50cmFsMS9hcGkvelh2M0Z1QkZXRVE {"name":"operations/b25lLW1vcmUtcGFnZS91cy1jZW50cmFsMS9hcGkvelh2M0Z1QkZXRVE","metadata":{"@type":"type.googleapis.com/google.cloud.functions.v1.OperationMetadataV1","target":"projects/one-more-page/locations/us-central1/functions/api","type":"UPDATE_FUNCTION","request":{"@type":"type.googleapis.com/google.cloud.functions.v1.CloudFunction","name":"projects/one-more-page/locations/us-central1/functions/api","httpsTrigger":{"url":"https://us-central1-one-more-page.cloudfunctions.net/api","securityLevel":"SECURE_ALWAYS"},"status":"ACTIVE","entryPoint":"api","updateTime":"2023-10-18T19:58:04.455Z","versionId":"20","labels":{"deployment-tool":"cli-firebase","firebase-functions-hash":"c83bfb2a1fc2587abe785e7396e8c24c636b077d"},"sourceUploadUrl":"https://storage.googleapis.com/uploads-991284448727.us-central1.cloudfunctions.appspot.com/7baebd7c-2460-4302-a728-f2896a417d99.zip?GoogleAccessId=service-507718610679@gcf-admin-robot.iam.gserviceaccount.com&Expires=1697661092&Signature=vD%2Bc7Y9CT5Vrhshes7qnkmtG4TtFzOmZEdeOBzYD%2BrxPXrlAb54zKvS8psFLXNfxcVz1WACu%2FKDZKAPYalmmYFaK5wL%2FO8KH%2BZ9ExLBgdUxxdBEGcE3v%2FKbRA%2BBb4X4JNhJaRUbV8uOb8OXCici2RLoeibMNmdl%2BfskoDXBy3QYtBFE4SVskytnL%2BFWaq1avHq3YQxbBrJXPmui%2B9OWcja4JFzY2s4mRPdiVehozDxvWwPJcD8mxSlBpXwyBGmryinl5nXZJbqfldZgdnDvqCqpGD7hpuZxqQbTBpa%2BdIm%2Be4R6IiR8xZlMw23DuDC7FMIdICH5gJ1OeeGFC8wSynQ%3D%3D","environmentVariables":{"FIREBASE_CONFIG":"{\"projectId\":\"one-more-page\",\"storageBucket\":\"one-more-page.appspot.com\"}","GCLOUD_PROJECT":"one-more-page","EVENTARC_CLOUD_EVENT_SOURCE":"projects/one-more-page/locations/us-central1/functions/api"},"runtime":"nodejs18","buildId":"a45673da-c0e0-4467-8324-a16a4c07b92f","buildEnvironmentVariables":{"GOOGLE_NODE_RUN_SCRIPTS":""},"buildName":"projects/507718610679/locations/us-central1/builds/a45673da-c0e0-4467-8324-a16a4c07b92f","dockerRegistry":"ARTIFACT_REGISTRY"},"versionId":"21","updateTime":"2023-10-18T20:01:33Z","buildId":"e680ded1-34b9-40e6-858c-23db61d72e3d","buildName":"projects/507718610679/locations/us-central1/builds/e680ded1-34b9-40e6-858c-23db61d72e3d"}}
[debug] [2023-10-18T20:01:34.963Z] [update-default-us-central1-api] Retrying task index 0
[debug] [2023-10-18T20:01:34.964Z] >>> [apiv2][query] GET https://cloudfunctions.googleapis.com/v1/operations/b25lLW1vcmUtcGFnZS91cy1jZW50cmFsMS9hcGkvelh2M0Z1QkZXRVE [none]
[debug] [2023-10-18T20:01:35.106Z] <<< [apiv2][status] GET https://cloudfunctions.googleapis.com/v1/operations/b25lLW1vcmUtcGFnZS91cy1jZW50cmFsMS9hcGkvelh2M0Z1QkZXRVE 200
[debug] [2023-10-18T20:01:35.106Z] <<< [apiv2][body] GET https://cloudfunctions.googleapis.com/v1/operations/b25lLW1vcmUtcGFnZS91cy1jZW50cmFsMS9hcGkvelh2M0Z1QkZXRVE {"name":"operations/b25lLW1vcmUtcGFnZS91cy1jZW50cmFsMS9hcGkvelh2M0Z1QkZXRVE","metadata":{"@type":"type.googleapis.com/google.cloud.functions.v1.OperationMetadataV1","target":"projects/one-more-page/locations/us-central1/functions/api","type":"UPDATE_FUNCTION","request":{"@type":"type.googleapis.com/google.cloud.functions.v1.CloudFunction","name":"projects/one-more-page/locations/us-central1/functions/api","httpsTrigger":{"url":"https://us-central1-one-more-page.cloudfunctions.net/api","securityLevel":"SECURE_ALWAYS"},"status":"ACTIVE","entryPoint":"api","updateTime":"2023-10-18T19:58:04.455Z","versionId":"20","labels":{"deployment-tool":"cli-firebase","firebase-functions-hash":"c83bfb2a1fc2587abe785e7396e8c24c636b077d"},"sourceUploadUrl":"https://storage.googleapis.com/uploads-991284448727.us-central1.cloudfunctions.appspot.com/7baebd7c-2460-4302-a728-f2896a417d99.zip?GoogleAccessId=service-507718610679@gcf-admin-robot.iam.gserviceaccount.com&Expires=1697661092&Signature=vD%2Bc7Y9CT5Vrhshes7qnkmtG4TtFzOmZEdeOBzYD%2BrxPXrlAb54zKvS8psFLXNfxcVz1WACu%2FKDZKAPYalmmYFaK5wL%2FO8KH%2BZ9ExLBgdUxxdBEGcE3v%2FKbRA%2BBb4X4JNhJaRUbV8uOb8OXCici2RLoeibMNmdl%2BfskoDXBy3QYtBFE4SVskytnL%2BFWaq1avHq3YQxbBrJXPmui%2B9OWcja4JFzY2s4mRPdiVehozDxvWwPJcD8mxSlBpXwyBGmryinl5nXZJbqfldZgdnDvqCqpGD7hpuZxqQbTBpa%2BdIm%2Be4R6IiR8xZlMw23DuDC7FMIdICH5gJ1OeeGFC8wSynQ%3D%3D","environmentVariables":{"FIREBASE_CONFIG":"{\"projectId\":\"one-more-page\",\"storageBucket\":\"one-more-page.appspot.com\"}","GCLOUD_PROJECT":"one-more-page","EVENTARC_CLOUD_EVENT_SOURCE":"projects/one-more-page/locations/us-central1/functions/api"},"runtime":"nodejs18","buildId":"a45673da-c0e0-4467-8324-a16a4c07b92f","buildEnvironmentVariables":{"GOOGLE_NODE_RUN_SCRIPTS":""},"buildName":"projects/507718610679/locations/us-central1/builds/a45673da-c0e0-4467-8324-a16a4c07b92f","dockerRegistry":"ARTIFACT_REGISTRY"},"versionId":"21","updateTime":"2023-10-18T20:01:33Z","buildId":"e680ded1-34b9-40e6-858c-23db61d72e3d","buildName":"projects/507718610679/locations/us-central1/builds/e680ded1-34b9-40e6-858c-23db61d72e3d"}}
[debug] [2023-10-18T20:01:37.109Z] [update-default-us-central1-api] Retrying task index 0
[debug] [2023-10-18T20:01:37.109Z] >>> [apiv2][query] GET https://cloudfunctions.googleapis.com/v1/operations/b25lLW1vcmUtcGFnZS91cy1jZW50cmFsMS9hcGkvelh2M0Z1QkZXRVE [none]
[debug] [2023-10-18T20:01:37.266Z] <<< [apiv2][status] GET https://cloudfunctions.googleapis.com/v1/operations/b25lLW1vcmUtcGFnZS91cy1jZW50cmFsMS9hcGkvelh2M0Z1QkZXRVE 200
[debug] [2023-10-18T20:01:37.266Z] <<< [apiv2][body] GET https://cloudfunctions.googleapis.com/v1/operations/b25lLW1vcmUtcGFnZS91cy1jZW50cmFsMS9hcGkvelh2M0Z1QkZXRVE {"name":"operations/b25lLW1vcmUtcGFnZS91cy1jZW50cmFsMS9hcGkvelh2M0Z1QkZXRVE","metadata":{"@type":"type.googleapis.com/google.cloud.functions.v1.OperationMetadataV1","target":"projects/one-more-page/locations/us-central1/functions/api","type":"UPDATE_FUNCTION","request":{"@type":"type.googleapis.com/google.cloud.functions.v1.CloudFunction","name":"projects/one-more-page/locations/us-central1/functions/api","httpsTrigger":{"url":"https://us-central1-one-more-page.cloudfunctions.net/api","securityLevel":"SECURE_ALWAYS"},"status":"ACTIVE","entryPoint":"api","updateTime":"2023-10-18T19:58:04.455Z","versionId":"20","labels":{"deployment-tool":"cli-firebase","firebase-functions-hash":"c83bfb2a1fc2587abe785e7396e8c24c636b077d"},"sourceUploadUrl":"https://storage.googleapis.com/uploads-991284448727.us-central1.cloudfunctions.appspot.com/7baebd7c-2460-4302-a728-f2896a417d99.zip?GoogleAccessId=service-507718610679@gcf-admin-robot.iam.gserviceaccount.com&Expires=1697661092&Signature=vD%2Bc7Y9CT5Vrhshes7qnkmtG4TtFzOmZEdeOBzYD%2BrxPXrlAb54zKvS8psFLXNfxcVz1WACu%2FKDZKAPYalmmYFaK5wL%2FO8KH%2BZ9ExLBgdUxxdBEGcE3v%2FKbRA%2BBb4X4JNhJaRUbV8uOb8OXCici2RLoeibMNmdl%2BfskoDXBy3QYtBFE4SVskytnL%2BFWaq1avHq3YQxbBrJXPmui%2B9OWcja4JFzY2s4mRPdiVehozDxvWwPJcD8mxSlBpXwyBGmryinl5nXZJbqfldZgdnDvqCqpGD7hpuZxqQbTBpa%2BdIm%2Be4R6IiR8xZlMw23DuDC7FMIdICH5gJ1OeeGFC8wSynQ%3D%3D","environmentVariables":{"FIREBASE_CONFIG":"{\"projectId\":\"one-more-page\",\"storageBucket\":\"one-more-page.appspot.com\"}","GCLOUD_PROJECT":"one-more-page","EVENTARC_CLOUD_EVENT_SOURCE":"projects/one-more-page/locations/us-central1/functions/api"},"runtime":"nodejs18","buildId":"a45673da-c0e0-4467-8324-a16a4c07b92f","buildEnvironmentVariables":{"GOOGLE_NODE_RUN_SCRIPTS":""},"buildName":"projects/507718610679/locations/us-central1/builds/a45673da-c0e0-4467-8324-a16a4c07b92f","dockerRegistry":"ARTIFACT_REGISTRY"},"versionId":"21","updateTime":"2023-10-18T20:01:33Z","buildId":"e680ded1-34b9-40e6-858c-23db61d72e3d","buildName":"projects/507718610679/locations/us-central1/builds/e680ded1-34b9-40e6-858c-23db61d72e3d"}}
[debug] [2023-10-18T20:01:41.268Z] [update-default-us-central1-api] Retrying task index 0
[debug] [2023-10-18T20:01:41.268Z] >>> [apiv2][query] GET https://cloudfunctions.googleapis.com/v1/operations/b25lLW1vcmUtcGFnZS91cy1jZW50cmFsMS9hcGkvelh2M0Z1QkZXRVE [none]
[debug] [2023-10-18T20:01:41.429Z] <<< [apiv2][status] GET https://cloudfunctions.googleapis.com/v1/operations/b25lLW1vcmUtcGFnZS91cy1jZW50cmFsMS9hcGkvelh2M0Z1QkZXRVE 200
[debug] [2023-10-18T20:01:41.429Z] <<< [apiv2][body] GET https://cloudfunctions.googleapis.com/v1/operations/b25lLW1vcmUtcGFnZS91cy1jZW50cmFsMS9hcGkvelh2M0Z1QkZXRVE {"name":"operations/b25lLW1vcmUtcGFnZS91cy1jZW50cmFsMS9hcGkvelh2M0Z1QkZXRVE","metadata":{"@type":"type.googleapis.com/google.cloud.functions.v1.OperationMetadataV1","target":"projects/one-more-page/locations/us-central1/functions/api","type":"UPDATE_FUNCTION","request":{"@type":"type.googleapis.com/google.cloud.functions.v1.CloudFunction","name":"projects/one-more-page/locations/us-central1/functions/api","httpsTrigger":{"url":"https://us-central1-one-more-page.cloudfunctions.net/api","securityLevel":"SECURE_ALWAYS"},"status":"ACTIVE","entryPoint":"api","updateTime":"2023-10-18T19:58:04.455Z","versionId":"20","labels":{"deployment-tool":"cli-firebase","firebase-functions-hash":"c83bfb2a1fc2587abe785e7396e8c24c636b077d"},"sourceUploadUrl":"https://storage.googleapis.com/uploads-991284448727.us-central1.cloudfunctions.appspot.com/7baebd7c-2460-4302-a728-f2896a417d99.zip?GoogleAccessId=service-507718610679@gcf-admin-robot.iam.gserviceaccount.com&Expires=1697661092&Signature=vD%2Bc7Y9CT5Vrhshes7qnkmtG4TtFzOmZEdeOBzYD%2BrxPXrlAb54zKvS8psFLXNfxcVz1WACu%2FKDZKAPYalmmYFaK5wL%2FO8KH%2BZ9ExLBgdUxxdBEGcE3v%2FKbRA%2BBb4X4JNhJaRUbV8uOb8OXCici2RLoeibMNmdl%2BfskoDXBy3QYtBFE4SVskytnL%2BFWaq1avHq3YQxbBrJXPmui%2B9OWcja4JFzY2s4mRPdiVehozDxvWwPJcD8mxSlBpXwyBGmryinl5nXZJbqfldZgdnDvqCqpGD7hpuZxqQbTBpa%2BdIm%2Be4R6IiR8xZlMw23DuDC7FMIdICH5gJ1OeeGFC8wSynQ%3D%3D","environmentVariables":{"FIREBASE_CONFIG":"{\"projectId\":\"one-more-page\",\"storageBucket\":\"one-more-page.appspot.com\"}","GCLOUD_PROJECT":"one-more-page","EVENTARC_CLOUD_EVENT_SOURCE":"projects/one-more-page/locations/us-central1/functions/api"},"runtime":"nodejs18","buildId":"a45673da-c0e0-4467-8324-a16a4c07b92f","buildEnvironmentVariables":{"GOOGLE_NODE_RUN_SCRIPTS":""},"buildName":"projects/507718610679/locations/us-central1/builds/a45673da-c0e0-4467-8324-a16a4c07b92f","dockerRegistry":"ARTIFACT_REGISTRY"},"versionId":"21","updateTime":"2023-10-18T20:01:33Z","buildId":"e680ded1-34b9-40e6-858c-23db61d72e3d","buildName":"projects/507718610679/locations/us-central1/builds/e680ded1-34b9-40e6-858c-23db61d72e3d"}}
[debug] [2023-10-18T20:01:49.431Z] [update-default-us-central1-api] Retrying task index 0
[debug] [2023-10-18T20:01:49.431Z] >>> [apiv2][query] GET https://cloudfunctions.googleapis.com/v1/operations/b25lLW1vcmUtcGFnZS91cy1jZW50cmFsMS9hcGkvelh2M0Z1QkZXRVE [none]
[debug] [2023-10-18T20:01:49.578Z] <<< [apiv2][status] GET https://cloudfunctions.googleapis.com/v1/operations/b25lLW1vcmUtcGFnZS91cy1jZW50cmFsMS9hcGkvelh2M0Z1QkZXRVE 200
[debug] [2023-10-18T20:01:49.578Z] <<< [apiv2][body] GET https://cloudfunctions.googleapis.com/v1/operations/b25lLW1vcmUtcGFnZS91cy1jZW50cmFsMS9hcGkvelh2M0Z1QkZXRVE {"name":"operations/b25lLW1vcmUtcGFnZS91cy1jZW50cmFsMS9hcGkvelh2M0Z1QkZXRVE","metadata":{"@type":"type.googleapis.com/google.cloud.functions.v1.OperationMetadataV1","target":"projects/one-more-page/locations/us-central1/functions/api","type":"UPDATE_FUNCTION","request":{"@type":"type.googleapis.com/google.cloud.functions.v1.CloudFunction","name":"projects/one-more-page/locations/us-central1/functions/api","httpsTrigger":{"url":"https://us-central1-one-more-page.cloudfunctions.net/api","securityLevel":"SECURE_ALWAYS"},"status":"ACTIVE","entryPoint":"api","updateTime":"2023-10-18T19:58:04.455Z","versionId":"20","labels":{"deployment-tool":"cli-firebase","firebase-functions-hash":"c83bfb2a1fc2587abe785e7396e8c24c636b077d"},"sourceUploadUrl":"https://storage.googleapis.com/uploads-991284448727.us-central1.cloudfunctions.appspot.com/7baebd7c-2460-4302-a728-f2896a417d99.zip?GoogleAccessId=service-507718610679@gcf-admin-robot.iam.gserviceaccount.com&Expires=1697661092&Signature=vD%2Bc7Y9CT5Vrhshes7qnkmtG4TtFzOmZEdeOBzYD%2BrxPXrlAb54zKvS8psFLXNfxcVz1WACu%2FKDZKAPYalmmYFaK5wL%2FO8KH%2BZ9ExLBgdUxxdBEGcE3v%2FKbRA%2BBb4X4JNhJaRUbV8uOb8OXCici2RLoeibMNmdl%2BfskoDXBy3QYtBFE4SVskytnL%2BFWaq1avHq3YQxbBrJXPmui%2B9OWcja4JFzY2s4mRPdiVehozDxvWwPJcD8mxSlBpXwyBGmryinl5nXZJbqfldZgdnDvqCqpGD7hpuZxqQbTBpa%2BdIm%2Be4R6IiR8xZlMw23DuDC7FMIdICH5gJ1OeeGFC8wSynQ%3D%3D","environmentVariables":{"FIREBASE_CONFIG":"{\"projectId\":\"one-more-page\",\"storageBucket\":\"one-more-page.appspot.com\"}","GCLOUD_PROJECT":"one-more-page","EVENTARC_CLOUD_EVENT_SOURCE":"projects/one-more-page/locations/us-central1/functions/api"},"runtime":"nodejs18","buildId":"a45673da-c0e0-4467-8324-a16a4c07b92f","buildEnvironmentVariables":{"GOOGLE_NODE_RUN_SCRIPTS":""},"buildName":"projects/507718610679/locations/us-central1/builds/a45673da-c0e0-4467-8324-a16a4c07b92f","dockerRegistry":"ARTIFACT_REGISTRY"},"versionId":"21","updateTime":"2023-10-18T20:01:33Z","buildId":"e680ded1-34b9-40e6-858c-23db61d72e3d","buildName":"projects/507718610679/locations/us-central1/builds/e680ded1-34b9-40e6-858c-23db61d72e3d"}}
